<?xml version="1.0" encoding="UTF-8"?>
<!-- Generated by org.testng.reporters.JUnitXMLReporter -->
<testsuite ignored="3" hostname="4G2KQV2" failures="1" tests="1" name="JavascriptExercise" time="4.538" errors="0" timestamp="2024-04-21T21:27:47 CEST">
  <testcase classname="AdvancedExercises" name="TestUsingImageRecognition" time="1.037">
    <failure type="java.lang.AssertionError" message="expected [true] but found [false]">
      <![CDATA[java.lang.AssertionError: expected [true] but found [false]
at AdvancedExercises.TestUsingImageRecognition(AdvancedExercises.java:147)
at java.base/java.util.ArrayList.forEach(ArrayList.java:1511)
... Removed 31 stack frames]]>
    </failure>
  </testcase> <!-- TestUsingImageRecognition -->
  <testcase classname="AdvancedExercises" name="GenerateCustomReport" time="0.0">
    <ignored/>
  </testcase> <!-- GenerateCustomReport -->
  <testcase classname="AdvancedExercises" name="TestUsingJavascriptFunction" time="0.0">
    <ignored/>
  </testcase> <!-- TestUsingJavascriptFunction -->
  <testcase classname="AdvancedExercises" name="TestUsingCustomExpectedCondition" time="0.0">
    <ignored/>
  </testcase> <!-- TestUsingCustomExpectedCondition -->
</testsuite> <!-- JavascriptExercise -->
